<?xml version="1.1" encoding="UTF-8"?>
<testsuite name="AnagramTest" tests="10" failures="0" errors="0" timestamp="2017-02-01T04:42:35" hostname="unb-x-anto" time="0.011">
  <properties/>
  <testcase name="testEliminateAnagramSubsets" classname="AnagramTest" time="0.001"/>
  <testcase name="testAnagramsAreCaseInsensitive" classname="AnagramTest" time="0.003"/>
  <testcase name="testDetectAnagrams" classname="AnagramTest" time="0.0"/>
  <testcase name="testIdenticalWordIsNotAnagram" classname="AnagramTest" time="0.001"/>
  <testcase name="testSimpleAnagram" classname="AnagramTest" time="0.0"/>
  <testcase name="testMultipleAnagrams" classname="AnagramTest" time="0.001"/>
  <testcase name="testDetectMultipleAnagrams" classname="AnagramTest" time="0.001"/>
  <testcase name="testDoesNotConfuseDifferentDuplicates" classname="AnagramTest" time="0.0"/>
  <testcase name="testNoMatches" classname="AnagramTest" time="0.0"/>
  <testcase name="testEliminateAnagramsWithSameChecksum" classname="AnagramTest" time="0.0"/>
  <system-out><![CDATA[]]></system-out>
  <system-err><![CDATA[]]></system-err>
</testsuite>
